[debug] [2022-06-09T09:46:21.570Z] ----------------------------------------------------------------------
[debug] [2022-06-09T09:46:21.572Z] Command:       /usr/local/bin/node /usr/local/bin/firebase deploy
[debug] [2022-06-09T09:46:21.573Z] CLI Version:   10.6.0
[debug] [2022-06-09T09:46:21.573Z] Platform:      darwin
[debug] [2022-06-09T09:46:21.573Z] Node Version:  v14.17.5
[debug] [2022-06-09T09:46:21.583Z] Time:          Thu Jun 09 2022 13:46:21 GMT+0400 (Gulf Standard Time)
[debug] [2022-06-09T09:46:21.583Z] ----------------------------------------------------------------------
[debug] 
[debug] [2022-06-09T09:46:21.587Z] >>> [apiv2][query] GET https://firebase-public.firebaseio.com/cli.json [none]
[debug] [2022-06-09T09:46:21.656Z] > command requires scopes: ["email","openid","https://www.googleapis.com/auth/cloudplatformprojects.readonly","https://www.googleapis.com/auth/firebase","https://www.googleapis.com/auth/cloud-platform"]
[debug] [2022-06-09T09:46:21.656Z] > authorizing via signed-in user (hasankhalid940@gmail.com)
[debug] [2022-06-09T09:46:21.656Z] [iam] checking project lums-east-pak for permissions ["firebase.projects.get","firebasehosting.sites.update"]
[debug] [2022-06-09T09:46:21.657Z] > refreshing access token with scopes: []
[debug] [2022-06-09T09:46:21.657Z] >>> HTTP REQUEST POST https://www.googleapis.com/oauth2/v3/token  
 <request body omitted>
[debug] [2022-06-09T09:46:22.001Z] <<< HTTP RESPONSE 200 {"expires":"Mon, 01 Jan 1990 00:00:00 GMT","cache-control":"no-cache, no-store, max-age=0, must-revalidate","date":"Thu, 09 Jun 2022 09:46:22 GMT","pragma":"no-cache","content-type":"application/json; charset=utf-8","vary":"X-Origin, Referer, Origin,Accept-Encoding","server":"scaffolding on HTTPServer2","x-xss-protection":"0","x-frame-options":"SAMEORIGIN","x-content-type-options":"nosniff","alt-svc":"h3=\":443\"; ma=2592000,h3-29=\":443\"; ma=2592000,h3-Q050=\":443\"; ma=2592000,h3-Q046=\":443\"; ma=2592000,h3-Q043=\":443\"; ma=2592000,quic=\":443\"; ma=2592000; v=\"46,43\"","accept-ranges":"none","transfer-encoding":"chunked"}
[debug] [2022-06-09T09:46:22.055Z] >>> [apiv2][query] POST https://cloudresourcemanager.googleapis.com/v1/projects/lums-east-pak:testIamPermissions [none]
[debug] [2022-06-09T09:46:22.056Z] >>> [apiv2][body] POST https://cloudresourcemanager.googleapis.com/v1/projects/lums-east-pak:testIamPermissions {"permissions":["firebase.projects.get","firebasehosting.sites.update"]}
[debug] [2022-06-09T09:46:22.588Z] <<< [apiv2][status] GET https://firebase-public.firebaseio.com/cli.json 200
[debug] [2022-06-09T09:46:22.589Z] <<< [apiv2][body] GET https://firebase-public.firebaseio.com/cli.json {"cloudBuildErrorAfter":1594252800000,"cloudBuildWarnAfter":1590019200000,"defaultNode10After":1594252800000,"minVersion":"3.0.5","node8DeploysDisabledAfter":1613390400000,"node8RuntimeDisabledAfter":1615809600000,"node8WarnAfter":1600128000000}
[debug] [2022-06-09T09:46:23.614Z] <<< [apiv2][status] POST https://cloudresourcemanager.googleapis.com/v1/projects/lums-east-pak:testIamPermissions 200
[debug] [2022-06-09T09:46:23.614Z] <<< [apiv2][body] POST https://cloudresourcemanager.googleapis.com/v1/projects/lums-east-pak:testIamPermissions {}
[debug] [2022-06-09T09:46:23.615Z] [iam] error while checking permissions, command may fail: FirebaseError: Authorization failed. This account is missing the following required permissions on project lums-east-pak:

  firebase.projects.get
  firebasehosting.sites.update
[debug] [2022-06-09T09:46:23.617Z] >>> [apiv2][query] GET https://firebase.googleapis.com/v1beta1/projects/lums-east-pak [none]
[debug] [2022-06-09T09:46:24.124Z] <<< [apiv2][status] GET https://firebase.googleapis.com/v1beta1/projects/lums-east-pak 403
[debug] [2022-06-09T09:46:24.125Z] <<< [apiv2][body] GET https://firebase.googleapis.com/v1beta1/projects/lums-east-pak {"error":{"code":403,"message":"The caller does not have permission","status":"PERMISSION_DENIED"}}
[debug] [2022-06-09T09:46:24.126Z] HTTP Error: 403, The caller does not have permission
[debug] [2022-06-09T09:46:24.434Z] FirebaseError: HTTP Error: 403, The caller does not have permission
    at module.exports (/usr/local/lib/node_modules/firebase-tools/lib/responseToError.js:47:12)
    at RetryOperation._fn (/usr/local/lib/node_modules/firebase-tools/lib/apiv2.js:286:39)
    at processTicksAndRejections (internal/process/task_queues.js:95:5)
[error] 
[error] Error: Failed to get Firebase project lums-east-pak. Please make sure the project exists and your account has permission to access it.
